<?xml version="1.0" encoding="UTF-8"?>
<!-- Generated by org.testng.reporters.JUnitReportReporter -->
<testsuite hostname="Hp" failures="0" tests="1" name="Cucumber_task.Cucumber_task.AppTest" time="0.002" errors="0" timestamp="2024-03-23T20:10:30 IST" skipped="0">
  <testcase classname="Cucumber_task.Cucumber_task.AppTest" name="testApp" time="0.002"/>
</testsuite> <!-- Cucumber_task.Cucumber_task.AppTest -->
